<?xml version="1.0" encoding="UTF-8"?>
<testng-results skipped="0" failed="0" total="1" passed="1">
  <reporter-output>
  </reporter-output>
  <suite name="Default suite" duration-ms="16059" started-at="2018-08-03T14:11:59Z" finished-at="2018-08-03T14:12:15Z">
    <groups>
    </groups>
    <test name="Default test" duration-ms="16059" started-at="2018-08-03T14:11:59Z" finished-at="2018-08-03T14:12:15Z">
      <class name="WordDocWithScreenshotTest">
        <test-method status="PASS" signature="setUp()[pri:0, instance:WordDocWithScreenshotTest@1ed40e0]" name="setUp" is-config="true" duration-ms="9381" started-at="2018-08-03T19:41:59Z" finished-at="2018-08-03T19:42:08Z">
          <reporter-output>
          </reporter-output>
        </test-method> <!-- setUp -->
        <test-method status="PASS" signature="testPageTitle(java.lang.reflect.Method)[pri:0, instance:WordDocWithScreenshotTest@1ed40e0]" name="testPageTitle" duration-ms="6455" started-at="2018-08-03T19:42:08Z" finished-at="2018-08-03T19:42:14Z">
          <params>
            <param index="0">
              <value>
                <![CDATA[public void WordDocWithScreenshotTest.testPageTitle(java.lang.reflect.Method) throws java.lang.Exception]]>
              </value>
            </param>
          </params>
          <reporter-output>
          </reporter-output>
        </test-method> <!-- testPageTitle -->
        <test-method status="PASS" signature="tearDown()[pri:0, instance:WordDocWithScreenshotTest@1ed40e0]" name="tearDown" is-config="true" duration-ms="187" started-at="2018-08-03T19:42:14Z" finished-at="2018-08-03T19:42:15Z">
          <reporter-output>
          </reporter-output>
        </test-method> <!-- tearDown -->
      </class> <!-- WordDocWithScreenshotTest -->
    </test> <!-- Default test -->
  </suite> <!-- Default suite -->
</testng-results>
