<?xml version="1.0" encoding="UTF-8"?>
<testng-results skipped="0" failed="0" total="1" passed="1">
  <reporter-output>
  </reporter-output>
  <suite name="Default suite" duration-ms="19761" started-at="2018-08-01T19:23:14Z" finished-at="2018-08-01T19:23:33Z">
    <groups>
    </groups>
    <test name="Default test" duration-ms="19761" started-at="2018-08-01T19:23:14Z" finished-at="2018-08-01T19:23:33Z">
      <class name="WordDocWithScreenshotTest">
        <test-method status="PASS" signature="setUp()[pri:0, instance:WordDocWithScreenshotTest@1ed40e0]" name="setUp" is-config="true" duration-ms="11154" started-at="2018-08-02T00:53:14Z" finished-at="2018-08-02T00:53:25Z">
          <reporter-output>
          </reporter-output>
        </test-method> <!-- setUp -->
        <test-method status="PASS" signature="testPageTitle(java.lang.reflect.Method)[pri:0, instance:WordDocWithScreenshotTest@1ed40e0]" name="testPageTitle" duration-ms="8440" started-at="2018-08-02T00:53:25Z" finished-at="2018-08-02T00:53:33Z">
          <params>
            <param index="0">
              <value>
                <![CDATA[public void WordDocWithScreenshotTest.testPageTitle(java.lang.reflect.Method) throws java.lang.Exception]]>
              </value>
            </param>
          </params>
          <reporter-output>
          </reporter-output>
        </test-method> <!-- testPageTitle -->
        <test-method status="PASS" signature="tearDown()[pri:0, instance:WordDocWithScreenshotTest@1ed40e0]" name="tearDown" is-config="true" duration-ms="149" started-at="2018-08-02T00:53:33Z" finished-at="2018-08-02T00:53:33Z">
          <reporter-output>
          </reporter-output>
        </test-method> <!-- tearDown -->
      </class> <!-- WordDocWithScreenshotTest -->
    </test> <!-- Default test -->
  </suite> <!-- Default suite -->
</testng-results>
